<?xml version="1.0" encoding="UTF-8"?>
<testsuite xmlns:xsi="http://www.w3.org/2001/XMLSchema-instance" xsi:noNamespaceSchemaLocation="https://maven.apache.org/surefire/maven-surefire-plugin/xsd/surefire-test-report.xsd" name="com.mongodb.learn.AppTest" time="0.02" tests="1" errors="0" skipped="0" failures="0">
  <properties>
    <property name="java.specification.version" value="17"/>
    <property name="sun.cpu.isalist" value="amd64"/>
    <property name="sun.jnu.encoding" value="Cp1252"/>
    <property name="java.class.path" value="A:\repo\maven\crud\target\test-classes;A:\repo\maven\crud\target\classes;C:\Users\gubes\.m2\repository\junit\junit\4.11\junit-4.11.jar;C:\Users\gubes\.m2\repository\org\hamcrest\hamcrest-core\1.3\hamcrest-core-1.3.jar;C:\Users\gubes\.m2\repository\org\mongodb\mongodb-driver-sync\5.1.0\mongodb-driver-sync-5.1.0.jar;C:\Users\gubes\.m2\repository\org\mongodb\bson\5.1.0\bson-5.1.0.jar;C:\Users\gubes\.m2\repository\org\mongodb\mongodb-driver-core\5.1.0\mongodb-driver-core-5.1.0.jar;C:\Users\gubes\.m2\repository\org\mongodb\bson-record-codec\5.1.0\bson-record-codec-5.1.0.jar;"/>
    <property name="java.vm.vendor" value="Eclipse Adoptium"/>
    <property name="sun.arch.data.model" value="64"/>
    <property name="user.variant" value=""/>
    <property name="java.vendor.url" value="https://adoptium.net/"/>
    <property name="user.timezone" value="America/Sao_Paulo"/>
    <property name="os.name" value="Windows 11"/>
    <property name="java.vm.specification.version" value="17"/>
    <property name="sun.java.launcher" value="SUN_STANDARD"/>
    <property name="user.country" value="BR"/>
    <property name="sun.boot.library.path" value="C:\Users\gubes\AppData\Local\Programs\Eclipse Adoptium\jdk-17.0.7.7-hotspot\bin"/>
    <property name="sun.java.command" value="C:\Users\gubes\AppData\Local\Temp\surefire13083900807829994702\surefirebooter14191313826762981416.jar C:\Users\gubes\AppData\Local\Temp\surefire13083900807829994702 2024-05-28T20-09-36_447-jvmRun1 surefire16395510315072426248tmp surefire_018068116355371388196tmp"/>
    <property name="jdk.debug" value="release"/>
    <property name="surefire.test.class.path" value="A:\repo\maven\crud\target\test-classes;A:\repo\maven\crud\target\classes;C:\Users\gubes\.m2\repository\junit\junit\4.11\junit-4.11.jar;C:\Users\gubes\.m2\repository\org\hamcrest\hamcrest-core\1.3\hamcrest-core-1.3.jar;C:\Users\gubes\.m2\repository\org\mongodb\mongodb-driver-sync\5.1.0\mongodb-driver-sync-5.1.0.jar;C:\Users\gubes\.m2\repository\org\mongodb\bson\5.1.0\bson-5.1.0.jar;C:\Users\gubes\.m2\repository\org\mongodb\mongodb-driver-core\5.1.0\mongodb-driver-core-5.1.0.jar;C:\Users\gubes\.m2\repository\org\mongodb\bson-record-codec\5.1.0\bson-record-codec-5.1.0.jar;"/>
    <property name="sun.cpu.endian" value="little"/>
    <property name="user.home" value="C:\Users\gubes"/>
    <property name="user.language" value="pt"/>
    <property name="java.specification.vendor" value="Oracle Corporation"/>
    <property name="java.version.date" value="2023-04-18"/>
    <property name="java.home" value="C:\Users\gubes\AppData\Local\Programs\Eclipse Adoptium\jdk-17.0.7.7-hotspot"/>
    <property name="file.separator" value="\"/>
    <property name="basedir" value="A:\repo\maven\crud"/>
    <property name="java.vm.compressedOopsMode" value="Zero based"/>
    <property name="line.separator" value="&#10;"/>
    <property name="java.vm.specification.vendor" value="Oracle Corporation"/>
    <property name="java.specification.name" value="Java Platform API Specification"/>
    <property name="surefire.real.class.path" value="C:\Users\gubes\AppData\Local\Temp\surefire13083900807829994702\surefirebooter14191313826762981416.jar"/>
    <property name="user.script" value=""/>
    <property name="sun.management.compiler" value="HotSpot 64-Bit Tiered Compilers"/>
    <property name="java.runtime.version" value="17.0.7+7"/>
    <property name="user.name" value="gubes"/>
    <property name="path.separator" value=";"/>
    <property name="os.version" value="10.0"/>
    <property name="java.runtime.name" value="OpenJDK Runtime Environment"/>
    <property name="file.encoding" value="Cp1252"/>
    <property name="java.vm.name" value="OpenJDK 64-Bit Server VM"/>
    <property name="java.vendor.version" value="Temurin-17.0.7+7"/>
    <property name="localRepository" value="C:\Users\gubes\.m2\repository"/>
    <property name="java.vendor.url.bug" value="https://github.com/adoptium/adoptium-support/issues"/>
    <property name="java.io.tmpdir" value="C:\Users\gubes\AppData\Local\Temp\"/>
    <property name="java.version" value="17.0.7"/>
    <property name="user.dir" value="A:\repo\maven\crud"/>
    <property name="os.arch" value="amd64"/>
    <property name="java.vm.specification.name" value="Java Virtual Machine Specification"/>
    <property name="sun.os.patch.level" value=""/>
    <property name="native.encoding" value="Cp1252"/>
    <property name="java.library.path" value="C:\Users\gubes\AppData\Local\Programs\Eclipse Adoptium\jdk-17.0.7.7-hotspot\bin;C:\WINDOWS\Sun\Java\bin;C:\WINDOWS\system32;C:\WINDOWS;C:\Users\gubes\bin;C:\Program Files\Git\mingw64\bin;C:\Program Files\Git\usr\local\bin;C:\Program Files\Git\usr\bin;C:\Program Files\Git\usr\bin;C:\Program Files\Git\mingw64\bin;C:\Program Files\Git\usr\bin;C:\Users\gubes\bin;C:\Windows\system32;C:\Windows;C:\Windows\System32\Wbem;C:\Windows\System32\WindowsPowerShell\v1.0;C:\Windows\System32\OpenSSH;C:\WINDOWS\system32;C:\WINDOWS;C:\WINDOWS\System32\Wbem;C:\WINDOWS\System32\WindowsPowerShell\v1.0;C:\WINDOWS\System32\OpenSSH;C:\MinGW\bin;C:\Program Files (x86)\PDFtk\bin;C:\Program Files\Git\cmd;C:\Program Files\nodejs;C:\Program Files\MySQL\MySQL Shell 8.0\bin;C:\Users\gubes\AppData\Local\Programs\Eclipse Adoptium\jdk-17.0.7.7-hotspot\bin;C:\Users\gubes\AppData\Local\Microsoft\WindowsApps;C:\Users\gubes\AppData\Local\Programs\Microsoft VS Code\bin;C:\MinGW\bin;C:\Users\gubes\AppData\Local\Pandoc;C:\Users\gubes\AppData\Local\Programs\MiKTeX\miktex\bin\x64;C:\Users\gubes\AppData\Roaming\npm;%IntelliJ IDEA%;C:\apache-maven-3.9.6\bin;C:\Users\gubes\AppData\Local\Programs\mongosh;C:\Program Files\Git\usr\bin\vendor_perl;C:\Program Files\Git\usr\bin\core_perl;."/>
    <property name="java.vm.info" value="mixed mode, sharing"/>
    <property name="java.vendor" value="Eclipse Adoptium"/>
    <property name="java.vm.version" value="17.0.7+7"/>
    <property name="sun.io.unicode.encoding" value="UnicodeLittle"/>
    <property name="java.class.version" value="61.0"/>
  </properties>
  <testcase name="shouldAnswerWithTrue" classname="com.mongodb.learn.AppTest" time="0"/>
</testsuite>